<?xml version="1.0" encoding="UTF-8"?>
<testsuite xmlns:xsi="http://www.w3.org/2001/XMLSchema-instance" xsi:noNamespaceSchemaLocation="https://maven.apache.org/surefire/maven-surefire-plugin/xsd/surefire-test-report.xsd" name="edu.berkeley.cs186.database.databox.TestBoolDataBox" time="0.005" tests="8" errors="0" skipped="0" failures="0">
  <properties>
[...]
</properties>
  <testcase name="testGetFloat" classname="edu.berkeley.cs186.database.databox.TestBoolDataBox" time="0"/>
  <testcase name="testType" classname="edu.berkeley.cs186.database.databox.TestBoolDataBox" time="0"/>
  <testcase name="testCompareTo" classname="edu.berkeley.cs186.database.databox.TestBoolDataBox" time="0.003"/>
  <testcase name="testGetBool" classname="edu.berkeley.cs186.database.databox.TestBoolDataBox" time="0"/>
  <testcase name="testToAndFromBytes" classname="edu.berkeley.cs186.database.databox.TestBoolDataBox" time="0"/>
  <testcase name="testEquals" classname="edu.berkeley.cs186.database.databox.TestBoolDataBox" time="0"/>
  <testcase name="testGetInt" classname="edu.berkeley.cs186.database.databox.TestBoolDataBox" time="0"/>
  <testcase name="testGetString" classname="edu.berkeley.cs186.database.databox.TestBoolDataBox" time="0.001"/>
</testsuite>